2025-07-21 15:53:32,480 - INFO - 🚀 НАЧАЛО ДЕМОНСТРАЦИИ NEXUS AI BINANCE BOT
2025-07-21 15:53:32,481 - INFO - ============================================================
2025-07-21 15:53:32,481 - INFO - 📊 Торговые пары: BTCUSDT, ETHUSDT, ADAUSDT, SOLUSDT, XRPUSDT, BNBUSDT, DOTUSDT, LINKUSDT
2025-07-21 15:53:32,482 - INFO - 🔄 Демо циклов: 3
2025-07-21 15:53:32,482 - INFO - ⏱️ Интервал: 15 секунд (демо режим)
2025-07-21 15:53:32,484 - INFO - ============================================================
2025-07-21 15:53:32,484 - INFO - 🔄 === ДЕМО ЦИКЛ #1 НАЧАЛСЯ ===
2025-07-21 15:53:32,485 - INFO - 💰 Проверка баланса | x-mbx-used-weight: 10
2025-07-21 15:53:32,485 - INFO - 🎯 BTCUSDT: $65000.50 | HOLD - RSI нейтральный (45.5)
2025-07-21 15:53:32,686 - INFO - 🎯 ETHUSDT: $65000.50 | HOLD - RSI нейтральный (45.5)
2025-07-21 15:53:32,886 - INFO - 🎯 ADAUSDT: $65000.50 | HOLD - RSI нейтральный (45.5)
2025-07-21 15:53:33,087 - INFO - 🎯 SOLUSDT: $65000.50 | HOLD - RSI нейтральный (45.5)
2025-07-21 15:53:33,287 - INFO - 🎯 XRPUSDT: $65000.50 | HOLD - RSI нейтральный (45.5)
2025-07-21 15:53:33,488 - INFO - 🎯 BNBUSDT: $65000.50 | HOLD - RSI нейтральный (45.5)
2025-07-21 15:53:33,689 - INFO - 🎯 DOTUSDT: $65000.50 | HOLD - RSI нейтральный (45.5)
2025-07-21 15:53:33,889 - INFO - 🎯 LINKUSDT: $65000.50 | HOLD - RSI нейтральный (45.5)
2025-07-21 15:53:34,090 - INFO - 📈 Результаты демо цикла #1:
2025-07-21 15:53:34,090 - INFO -    💰 Баланс: $150.75
2025-07-21 15:53:34,091 - INFO -    🎯 Активных сигналов: 0
2025-07-21 15:53:34,091 - INFO -    ⚖️ API Weight использовано: 42
2025-07-21 15:53:34,091 - INFO -    ⏱️ Длительность цикла: 1.6с
2025-07-21 15:53:34,091 - INFO - ✅ API weight в норме: 42/1200 (минутный лимит)
2025-07-21 15:53:34,092 - INFO - 📊 Заголовки API:
2025-07-21 15:53:34,092 - INFO -    x-mbx-used-weight: 42
2025-07-21 15:53:34,092 - INFO -    x-mbx-used-weight-1m: 42
2025-07-21 15:53:34,093 - INFO - 🔄 === ДЕМО ЦИКЛ #1 ЗАВЕРШЁН ===

2025-07-21 15:53:34,093 - INFO - ⏱️ Ожидание 15 секунд до следующего цикла...
2025-07-21 15:53:49,093 - INFO - 🔄 === ДЕМО ЦИКЛ #2 НАЧАЛСЯ ===
2025-07-21 15:53:49,093 - INFO - 💰 Проверка баланса | x-mbx-used-weight: 10
2025-07-21 15:53:49,094 - INFO - 🎯 BTCUSDT: $65000.50 | HOLD - RSI нейтральный (45.5)
2025-07-21 15:53:49,294 - INFO - 🎯 ETHUSDT: $65000.50 | HOLD - RSI нейтральный (45.5)
2025-07-21 15:53:49,495 - INFO - 🎯 ADAUSDT: $65000.50 | HOLD - RSI нейтральный (45.5)
2025-07-21 15:53:49,695 - INFO - 🎯 SOLUSDT: $65000.50 | HOLD - RSI нейтральный (45.5)
2025-07-21 15:53:49,896 - INFO - 🎯 XRPUSDT: $65000.50 | HOLD - RSI нейтральный (45.5)
2025-07-21 15:53:50,096 - INFO - 🎯 BNBUSDT: $65000.50 | HOLD - RSI нейтральный (45.5)
2025-07-21 15:53:50,297 - INFO - 🎯 DOTUSDT: $65000.50 | HOLD - RSI нейтральный (45.5)
2025-07-21 15:53:50,497 - INFO - 🎯 LINKUSDT: $65000.50 | HOLD - RSI нейтральный (45.5)
2025-07-21 15:53:50,698 - INFO - 📈 Результаты демо цикла #2:
2025-07-21 15:53:50,698 - INFO -    💰 Баланс: $150.75
2025-07-21 15:53:50,698 - INFO -    🎯 Активных сигналов: 0
2025-07-21 15:53:50,699 - INFO -    ⚖️ API Weight использовано: 42
2025-07-21 15:53:50,699 - INFO -    ⏱️ Длительность цикла: 1.6с
2025-07-21 15:53:50,699 - INFO - ✅ API weight в норме: 42/1200 (минутный лимит)
2025-07-21 15:53:50,700 - INFO - 📊 Заголовки API:
2025-07-21 15:53:50,700 - INFO -    x-mbx-used-weight: 42
2025-07-21 15:53:50,700 - INFO -    x-mbx-used-weight-1m: 42
2025-07-21 15:53:50,701 - INFO - 🔄 === ДЕМО ЦИКЛ #2 ЗАВЕРШЁН ===

2025-07-21 15:53:50,701 - INFO - ⏱️ Ожидание 15 секунд до следующего цикла...
2025-07-21 15:54:05,702 - INFO - 🔄 === ДЕМО ЦИКЛ #3 НАЧАЛСЯ ===
2025-07-21 15:54:05,702 - INFO - 💰 Проверка баланса | x-mbx-used-weight: 10
2025-07-21 15:54:05,702 - INFO - 🎯 BTCUSDT: $65000.50 | HOLD - RSI нейтральный (45.5)
2025-07-21 15:54:05,903 - INFO - 🎯 ETHUSDT: $65000.50 | HOLD - RSI нейтральный (45.5)
2025-07-21 15:54:06,103 - INFO - 🎯 ADAUSDT: $65000.50 | HOLD - RSI нейтральный (45.5)
2025-07-21 15:54:06,304 - INFO - 🎯 SOLUSDT: $65000.50 | HOLD - RSI нейтральный (45.5)
2025-07-21 15:54:06,504 - INFO - 🎯 XRPUSDT: $65000.50 | HOLD - RSI нейтральный (45.5)
2025-07-21 15:54:06,705 - INFO - 🎯 BNBUSDT: $65000.50 | HOLD - RSI нейтральный (45.5)
2025-07-21 15:54:06,906 - INFO - 🎯 DOTUSDT: $65000.50 | HOLD - RSI нейтральный (45.5)
2025-07-21 15:54:07,106 - INFO - 🎯 LINKUSDT: $65000.50 | HOLD - RSI нейтральный (45.5)
2025-07-21 15:54:07,307 - INFO - 📈 Результаты демо цикла #3:
2025-07-21 15:54:07,307 - INFO -    💰 Баланс: $150.75
2025-07-21 15:54:07,307 - INFO -    🎯 Активных сигналов: 0
2025-07-21 15:54:07,308 - INFO -    ⚖️ API Weight использовано: 42
2025-07-21 15:54:07,308 - INFO -    ⏱️ Длительность цикла: 1.6с
2025-07-21 15:54:07,309 - INFO - ✅ API weight в норме: 42/1200 (минутный лимит)
2025-07-21 15:54:07,309 - INFO - 📊 Заголовки API:
2025-07-21 15:54:07,309 - INFO -    x-mbx-used-weight: 42
2025-07-21 15:54:07,309 - INFO -    x-mbx-used-weight-1m: 42
2025-07-21 15:54:07,310 - INFO - 🔄 === ДЕМО ЦИКЛ #3 ЗАВЕРШЁН ===

2025-07-21 15:54:07,310 - INFO - ============================================================
2025-07-21 15:54:07,310 - INFO - 📋 ИТОГОВЫЙ ДЕМО ОТЧЁТ
2025-07-21 15:54:07,310 - INFO - ✅ Успешных циклов: 3/3
2025-07-21 15:54:07,311 - INFO - 🎯 Всего сигналов: 0
2025-07-21 15:54:07,311 - INFO - 📊 Средний API weight на цикл: 14.0
2025-07-21 15:54:07,311 - INFO - 🔧 Структура проверки:
2025-07-21 15:54:07,312 - INFO -    - ✅ Периодичность циклов соблюдена
2025-07-21 15:54:07,312 - INFO -    - ✅ Логирование работает без ошибок
2025-07-21 15:54:07,312 - INFO -    - ✅ API weight лимиты отслеживаются
2025-07-21 15:54:07,313 - INFO -    - ✅ Заголовки x-mbx-used-weight логируются
2025-07-21 15:54:07,313 - INFO - ============================================================
